2004.03.10 15:08 B C:\Documents and Settings\Lars Stemmann\Mes documents\R_matlab\hydrologie\seawater\programs\Contents.m <-- oceanotoolbox /pub/Matlab/seawater/programs Contents.m
2004.03.10 15:08 B C:\Documents and Settings\Lars Stemmann\Mes documents\R_matlab\hydrologie\seawater\programs\sw_adtg.m <-- oceanotoolbox /pub/Matlab/seawater/programs sw_adtg.m
2004.03.10 15:08 B C:\Documents and Settings\Lars Stemmann\Mes documents\R_matlab\hydrologie\seawater\programs\sw_alpha.m <-- oceanotoolbox /pub/Matlab/seawater/programs sw_alpha.m
2004.03.10 15:08 B C:\Documents and Settings\Lars Stemmann\Mes documents\R_matlab\hydrologie\seawater\programs\sw_aonb.m <-- oceanotoolbox /pub/Matlab/seawater/programs sw_aonb.m
2004.03.10 15:08 B C:\Documents and Settings\Lars Stemmann\Mes documents\R_matlab\hydrologie\seawater\programs\sw_beta.m <-- oceanotoolbox /pub/Matlab/seawater/programs sw_beta.m
2004.03.10 15:08 B C:\Documents and Settings\Lars Stemmann\Mes documents\R_matlab\hydrologie\seawater\programs\sw_bfrq.m <-- oceanotoolbox /pub/Matlab/seawater/programs sw_bfrq.m
2004.03.10 15:08 B C:\Documents and Settings\Lars Stemmann\Mes documents\R_matlab\hydrologie\seawater\programs\sw_c3515.m <-- oceanotoolbox /pub/Matlab/seawater/programs sw_c3515.m
2004.03.10 15:08 B C:\Documents and Settings\Lars Stemmann\Mes documents\R_matlab\hydrologie\seawater\programs\sw_cndr.m <-- oceanotoolbox /pub/Matlab/seawater/programs sw_cndr.m
2004.03.10 15:08 B C:\Documents and Settings\Lars Stemmann\Mes documents\R_matlab\hydrologie\seawater\programs\sw_copy.m <-- oceanotoolbox /pub/Matlab/seawater/programs sw_copy.m
2004.03.10 15:08 B C:\Documents and Settings\Lars Stemmann\Mes documents\R_matlab\hydrologie\seawater\programs\sw_cp.m <-- oceanotoolbox /pub/Matlab/seawater/programs sw_cp.m
2004.03.10 15:08 B C:\Documents and Settings\Lars Stemmann\Mes documents\R_matlab\hydrologie\seawater\programs\sw_data.mat <-- oceanotoolbox /pub/Matlab/seawater/programs sw_data.mat
2004.03.10 15:08 B C:\Documents and Settings\Lars Stemmann\Mes documents\R_matlab\hydrologie\seawater\programs\sw_dens.m <-- oceanotoolbox /pub/Matlab/seawater/programs sw_dens.m
2004.03.10 15:08 B C:\Documents and Settings\Lars Stemmann\Mes documents\R_matlab\hydrologie\seawater\programs\sw_dens0.m <-- oceanotoolbox /pub/Matlab/seawater/programs sw_dens0.m
2004.03.10 15:08 B C:\Documents and Settings\Lars Stemmann\Mes documents\R_matlab\hydrologie\seawater\programs\sw_dist.m <-- oceanotoolbox /pub/Matlab/seawater/programs sw_dist.m
2004.03.10 15:08 B C:\Documents and Settings\Lars Stemmann\Mes documents\R_matlab\hydrologie\seawater\programs\sw_dpth.m <-- oceanotoolbox /pub/Matlab/seawater/programs sw_dpth.m
2004.03.10 15:08 B C:\Documents and Settings\Lars Stemmann\Mes documents\R_matlab\hydrologie\seawater\programs\sw_f.m <-- oceanotoolbox /pub/Matlab/seawater/programs sw_f.m
2004.03.10 15:08 B C:\Documents and Settings\Lars Stemmann\Mes documents\R_matlab\hydrologie\seawater\programs\sw_fp.m <-- oceanotoolbox /pub/Matlab/seawater/programs sw_fp.m
2004.03.10 15:08 B C:\Documents and Settings\Lars Stemmann\Mes documents\R_matlab\hydrologie\seawater\programs\sw_g.m <-- oceanotoolbox /pub/Matlab/seawater/programs sw_g.m
2004.03.10 15:08 B C:\Documents and Settings\Lars Stemmann\Mes documents\R_matlab\hydrologie\seawater\programs\sw_gpan.m <-- oceanotoolbox /pub/Matlab/seawater/programs sw_gpan.m
2004.03.10 15:08 B C:\Documents and Settings\Lars Stemmann\Mes documents\R_matlab\hydrologie\seawater\programs\sw_gvel.m <-- oceanotoolbox /pub/Matlab/seawater/programs sw_gvel.m
2004.03.10 15:08 B C:\Documents and Settings\Lars Stemmann\Mes documents\R_matlab\hydrologie\seawater\programs\sw_info.m <-- oceanotoolbox /pub/Matlab/seawater/programs sw_info.m
2004.03.10 15:08 B C:\Documents and Settings\Lars Stemmann\Mes documents\R_matlab\hydrologie\seawater\programs\sw_new.m <-- oceanotoolbox /pub/Matlab/seawater/programs sw_new.m
2004.03.10 15:08 B C:\Documents and Settings\Lars Stemmann\Mes documents\R_matlab\hydrologie\seawater\programs\sw_pden.m <-- oceanotoolbox /pub/Matlab/seawater/programs sw_pden.m
2004.03.10 15:08 B C:\Documents and Settings\Lars Stemmann\Mes documents\R_matlab\hydrologie\seawater\programs\sw_pres.m <-- oceanotoolbox /pub/Matlab/seawater/programs sw_pres.m
2004.03.10 15:08 B C:\Documents and Settings\Lars Stemmann\Mes documents\R_matlab\hydrologie\seawater\programs\sw_ptmp.m <-- oceanotoolbox /pub/Matlab/seawater/programs sw_ptmp.m
2004.03.10 15:08 B C:\Documents and Settings\Lars Stemmann\Mes documents\R_matlab\hydrologie\seawater\programs\sw_salds.m <-- oceanotoolbox /pub/Matlab/seawater/programs sw_salds.m
2004.03.10 15:08 B C:\Documents and Settings\Lars Stemmann\Mes documents\R_matlab\hydrologie\seawater\programs\sw_salrp.m <-- oceanotoolbox /pub/Matlab/seawater/programs sw_salrp.m
2004.03.10 15:08 B C:\Documents and Settings\Lars Stemmann\Mes documents\R_matlab\hydrologie\seawater\programs\sw_salrt.m <-- oceanotoolbox /pub/Matlab/seawater/programs sw_salrt.m
2004.03.10 15:08 B C:\Documents and Settings\Lars Stemmann\Mes documents\R_matlab\hydrologie\seawater\programs\sw_sals.m <-- oceanotoolbox /pub/Matlab/seawater/programs sw_sals.m
2004.03.10 15:08 B C:\Documents and Settings\Lars Stemmann\Mes documents\R_matlab\hydrologie\seawater\programs\sw_salt.m <-- oceanotoolbox /pub/Matlab/seawater/programs sw_salt.m
2004.03.10 15:08 B C:\Documents and Settings\Lars Stemmann\Mes documents\R_matlab\hydrologie\seawater\programs\sw_seck.m <-- oceanotoolbox /pub/Matlab/seawater/programs sw_seck.m
2004.03.10 15:08 B C:\Documents and Settings\Lars Stemmann\Mes documents\R_matlab\hydrologie\seawater\programs\sw_smow.m <-- oceanotoolbox /pub/Matlab/seawater/programs sw_smow.m
2004.03.10 15:08 B C:\Documents and Settings\Lars Stemmann\Mes documents\R_matlab\hydrologie\seawater\programs\sw_svan.m <-- oceanotoolbox /pub/Matlab/seawater/programs sw_svan.m
2004.03.10 15:08 B C:\Documents and Settings\Lars Stemmann\Mes documents\R_matlab\hydrologie\seawater\programs\sw_svel.m <-- oceanotoolbox /pub/Matlab/seawater/programs sw_svel.m
2004.03.10 15:08 B C:\Documents and Settings\Lars Stemmann\Mes documents\R_matlab\hydrologie\seawater\programs\sw_temp.m <-- oceanotoolbox /pub/Matlab/seawater/programs sw_temp.m
