2004.03.10 15:10 B C:\Documents and Settings\Lars Stemmann\Mes documents\R_matlab\hydrologie\oceans\programs\adiabatt.m <-- oceanotoolbox /pub/Matlab/oceans/programs adiabatt.m
2004.03.10 15:10 B C:\Documents and Settings\Lars Stemmann\Mes documents\R_matlab\hydrologie\oceans\programs\bvfreq.m <-- oceanotoolbox /pub/Matlab/oceans/programs bvfreq.m
2004.03.10 15:10 B C:\Documents and Settings\Lars Stemmann\Mes documents\R_matlab\hydrologie\oceans\programs\coasts.mat <-- oceanotoolbox /pub/Matlab/oceans/programs coasts.mat
2004.03.10 15:10 B C:\Documents and Settings\Lars Stemmann\Mes documents\R_matlab\hydrologie\oceans\programs\contents <-- oceanotoolbox /pub/Matlab/oceans/programs contents
2004.03.10 15:10 B C:\Documents and Settings\Lars Stemmann\Mes documents\R_matlab\hydrologie\oceans\programs\Contents.m <-- oceanotoolbox /pub/Matlab/oceans/programs Contents.m
2004.03.10 15:10 B C:\Documents and Settings\Lars Stemmann\Mes documents\R_matlab\hydrologie\oceans\programs\depth.m <-- oceanotoolbox /pub/Matlab/oceans/programs depth.m
2004.03.10 15:10 B C:\Documents and Settings\Lars Stemmann\Mes documents\R_matlab\hydrologie\oceans\programs\dist.m <-- oceanotoolbox /pub/Matlab/oceans/programs dist.m
2004.03.10 15:10 B C:\Documents and Settings\Lars Stemmann\Mes documents\R_matlab\hydrologie\oceans\programs\geodemo.m <-- oceanotoolbox /pub/Matlab/oceans/programs geodemo.m
2004.03.10 15:10 B C:\Documents and Settings\Lars Stemmann\Mes documents\R_matlab\hydrologie\oceans\programs\indemo.m <-- oceanotoolbox /pub/Matlab/oceans/programs indemo.m
2004.03.10 15:10 B C:\Documents and Settings\Lars Stemmann\Mes documents\R_matlab\hydrologie\oceans\programs\inside.m <-- oceanotoolbox /pub/Matlab/oceans/programs inside.m
2004.03.10 15:10 B C:\Documents and Settings\Lars Stemmann\Mes documents\R_matlab\hydrologie\oceans\programs\integral.m <-- oceanotoolbox /pub/Matlab/oceans/programs integral.m
2004.03.10 15:10 B C:\Documents and Settings\Lars Stemmann\Mes documents\R_matlab\hydrologie\oceans\programs\pottemp.m <-- oceanotoolbox /pub/Matlab/oceans/programs pottemp.m
2004.03.10 15:10 B C:\Documents and Settings\Lars Stemmann\Mes documents\R_matlab\hydrologie\oceans\programs\pressure.m <-- oceanotoolbox /pub/Matlab/oceans/programs pressure.m
2004.03.10 15:10 B C:\Documents and Settings\Lars Stemmann\Mes documents\R_matlab\hydrologie\oceans\programs\sndspd.m <-- oceanotoolbox /pub/Matlab/oceans/programs sndspd.m
2004.03.10 15:10 B C:\Documents and Settings\Lars Stemmann\Mes documents\R_matlab\hydrologie\oceans\programs\swcp.m <-- oceanotoolbox /pub/Matlab/oceans/programs swcp.m
2004.03.10 15:10 B C:\Documents and Settings\Lars Stemmann\Mes documents\R_matlab\hydrologie\oceans\programs\swfreezt.m <-- oceanotoolbox /pub/Matlab/oceans/programs swfreezt.m
2004.03.10 15:10 B C:\Documents and Settings\Lars Stemmann\Mes documents\R_matlab\hydrologie\oceans\programs\swstate.m <-- oceanotoolbox /pub/Matlab/oceans/programs swstate.m
2004.03.10 15:10 B C:\Documents and Settings\Lars Stemmann\Mes documents\R_matlab\hydrologie\oceans\programs\tsdiagrm.m <-- oceanotoolbox /pub/Matlab/oceans/programs tsdiagrm.m
2004.03.10 15:10 B C:\Documents and Settings\Lars Stemmann\Mes documents\R_matlab\hydrologie\oceans\programs\whoi.m <-- oceanotoolbox /pub/Matlab/oceans/programs whoi.m
2004.03.10 15:10 B C:\Documents and Settings\Lars Stemmann\Mes documents\R_matlab\hydrologie\oceans\programs\worldmap.m <-- oceanotoolbox /pub/Matlab/oceans/programs worldmap.m
